7/14/2023 12:49:15 PM ## ----------admin log in ----------
7/14/2023 12:49:19 PM ## ----------admin log out ----------
7/14/2023 12:55:03 PM ## ----------admin log in ----------
7/14/2023 12:55:06 PM ## ----------admin log out ----------
7/14/2023 12:55:14 PM ## ----------admin log in ----------
7/14/2023 1:01:17 PM ## ----------admin log in ----------
7/14/2023 1:01:20 PM ## ----------admin log out ----------
7/14/2023 1:01:26 PM ## ----------admin log in ----------
7/14/2023 1:02:01 PM ## ----------admin log out ----------
7/14/2023 1:04:00 PM ## ----------admin log in ----------
7/14/2023 1:04:30 PM ## ----------admin log out ----------
7/14/2023 1:05:42 PM ## ----------admin log in ----------
7/14/2023 1:05:46 PM ## ----------admin log out ----------
7/14/2023 1:22:03 PM ## ----------admin log in ----------
7/14/2023 1:24:48 PM ## ----------admin log out ----------
7/14/2023 1:29:04 PM ## ----------admin log in ----------
7/14/2023 1:29:49 PM ## change Bàn 3 to Bàn 2
7/14/2023 1:31:09 PM ## add new Category: KFC
7/14/2023 1:32:22 PM ## check new Bill, ID = 7, Total price = 70000
7/14/2023 1:33:51 PM ## add new Account: Minh
7/14/2023 1:33:53 PM ## ----------admin log out ----------
7/14/2023 1:34:08 PM ## ----------haiyen log in ----------
7/14/2023 1:34:36 PM ## check new Bill, ID = 5, Total price = 33000
7/14/2023 1:35:28 PM ## ----------haiyen log out ----------
7/14/2023 1:35:40 PM ## ----------admin log in ----------
7/14/2023 4:57:07 PM ## ----------admin log in ----------
7/14/2023 5:13:10 PM ## ----------admin log out ----------
7/14/2023 5:13:30 PM ## ----------haiyen log in ----------
