24-Apr-18 8:54:44 PM ## ----------admin log in ----------
24-Apr-18 8:55:35 PM ## ----------admin log out ----------
24-Apr-18 8:56:05 PM ## ----------admin log in ----------
24-Apr-18 8:56:38 PM ## merge Bàn 24 to Bàn 23
24-Apr-18 9:05:00 PM ## ----------admin log in ----------
24-Apr-18 9:07:26 PM ## change Bàn 29 to Bàn 23
24-Apr-18 9:07:42 PM ## change Bàn 23 to Bàn 29
24-Apr-18 9:07:52 PM ## change Bàn 24 to Bàn 24
24-Apr-18 9:08:01 PM ## change Bàn 23 to Bàn 24
24-Apr-18 9:08:12 PM ## ----------admin log out ----------
24-Apr-18 9:11:14 PM ## ----------admin log in ----------
24-Apr-18 9:11:41 PM ## ----------admin log out ----------
24-Apr-18 9:12:32 PM ## ----------admin log in ----------
24-Apr-18 9:13:33 PM ## ----------admin log out ----------
24-Apr-18 9:15:15 PM ## ----------admin log in ----------
24-Apr-18 9:15:44 PM ## ----------admin log out ----------
24-Apr-18 9:16:09 PM ## ----------admin log in ----------
24-Apr-18 9:16:48 PM ## ----------admin log out ----------
24-Apr-18 9:19:12 PM ## ----------admin log in ----------
24-Apr-18 9:19:46 PM ## ----------admin log out ----------
24-Apr-18 9:25:01 PM ## ----------admin log in ----------
24-Apr-18 9:25:27 PM ## check new Bill, ID = 9, Total price = 255000
24-Apr-18 9:25:40 PM ## ----------admin log out ----------
