27-Apr-18 7:45:04 AM ## ----------admin log in ----------
27-Apr-18 7:47:47 AM ## check new Bill, ID = 13, Total price = 149000
27-Apr-18 7:48:32 AM ## ----------admin log out ----------
27-Apr-18 7:53:33 AM ## ----------admin log in ----------
27-Apr-18 7:53:46 AM ## check new Bill, ID = 14, Total price = 223000
27-Apr-18 7:54:50 AM ## check new Bill, ID = 16, Total price = 89000
27-Apr-18 7:57:55 AM ## check new Bill, ID = 15, Total price = 82000
27-Apr-18 7:58:02 AM ## check new Bill, ID = 17, Total price = 81000
27-Apr-18 8:29:55 AM ## ----------admin log out ----------
27-Apr-18 8:32:49 AM ## ----------admin log in ----------
27-Apr-18 8:37:07 AM ## ----------admin log out ----------
27-Apr-18 9:50:37 AM ## ----------admin log in ----------
27-Apr-18 9:50:40 AM ## ----------admin log out ----------
27-Apr-18 10:55:22 AM ## ----------admin log in ----------
27-Apr-18 10:55:28 AM ## ----------admin log out ----------
27-Apr-18 10:55:42 AM ## ----------admin log in ----------
27-Apr-18 10:55:45 AM ## ----------admin log out ----------
27-Apr-18 8:43:16 PM ## ----------admin log in ----------
27-Apr-18 8:43:45 PM ## check new Bill, ID = 21, Total price = 113000
27-Apr-18 8:44:33 PM ## check new Bill, ID = 18, Total price = 164000
27-Apr-18 8:44:40 PM ## check new Bill, ID = 19, Total price = 209000
27-Apr-18 8:44:46 PM ## check new Bill, ID = 22, Total price = 208000
27-Apr-18 8:44:53 PM ## check new Bill, ID = 20, Total price = 135000
27-Apr-18 8:45:27 PM ## ----------admin log out ----------
